[debug] [2020-09-09T02:55:26.133Z] ----------------------------------------------------------------------
[debug] [2020-09-09T02:55:26.136Z] Command:       /usr/bin/node /usr/local/bin/firebase deploy
[debug] [2020-09-09T02:55:26.136Z] CLI Version:   8.10.0
[debug] [2020-09-09T02:55:26.136Z] Platform:      linux
[debug] [2020-09-09T02:55:26.136Z] Node Version:  v10.20.1
[debug] [2020-09-09T02:55:26.137Z] Time:          Wed Sep 09 2020 08:25:26 GMT+0530 (India Standard Time)
[debug] [2020-09-09T02:55:26.137Z] ----------------------------------------------------------------------
[debug] [2020-09-09T02:55:26.137Z] 
[debug] [2020-09-09T02:55:26.145Z] > command requires scopes: ["email","openid","https://www.googleapis.com/auth/cloudplatformprojects.readonly","https://www.googleapis.com/auth/firebase","https://www.googleapis.com/auth/cloud-platform"]
[debug] [2020-09-09T02:55:26.146Z] > authorizing via signed-in user
[debug] [2020-09-09T02:55:26.146Z] [iam] checking project instagram-clo-4d50b for permissions ["firebase.projects.get","firebasehosting.sites.update"]
[debug] [2020-09-09T02:55:26.150Z] >>> HTTP REQUEST POST https://cloudresourcemanager.googleapis.com/v1/projects/instagram-clo-4d50b:testIamPermissions  
 {"permissions":["firebase.projects.get","firebasehosting.sites.update"]}
[debug] [2020-09-09T02:55:27.852Z] <<< HTTP RESPONSE 200 {"content-type":"application/json; charset=UTF-8","vary":"X-Origin, Referer, Origin,Accept-Encoding","date":"Wed, 09 Sep 2020 15:25:27 GMT","server":"ESF","cache-control":"private","x-xss-protection":"0","x-frame-options":"SAMEORIGIN","x-content-type-options":"nosniff","server-timing":"gfet4t7; dur=1152","alt-svc":"h3-29=\":443\"; ma=2592000,h3-27=\":443\"; ma=2592000,h3-T051=\":443\"; ma=2592000,h3-T050=\":443\"; ma=2592000,h3-Q050=\":443\"; ma=2592000,h3-Q046=\":443\"; ma=2592000,h3-Q043=\":443\"; ma=2592000,quic=\":443\"; ma=2592000; v=\"46,43\"","accept-ranges":"none","transfer-encoding":"chunked"}
[debug] [2020-09-09T02:55:27.858Z] >>> HTTP REQUEST GET https://firebase.googleapis.com/v1beta1/projects/instagram-clo-4d50b  
 
[debug] [2020-09-09T02:55:57.886Z] Server Error. ETIMEDOUT
[debug] [2020-09-09T02:55:57.890Z] FirebaseError: Server Error. ETIMEDOUT
    at Request._callback (/usr/local/lib/node_modules/firebase-tools/lib/api.js:32:31)
    at self.callback (/usr/local/lib/node_modules/firebase-tools/node_modules/request/request.js:185:22)
    at Request.emit (events.js:198:13)
    at Request.EventEmitter.emit (domain.js:448:20)
    at Timeout.<anonymous> (/usr/local/lib/node_modules/firebase-tools/node_modules/request/request.js:851:16)
    at ontimeout (timers.js:436:11)
    at tryOnTimeout (timers.js:300:5)
    at listOnTimeout (timers.js:263:5)
    at Timer.processTimers (timers.js:223:10)
[error] 
[error] Error: Failed to get Firebase project instagram-clo-4d50b. Please make sure the project exists and your account has permission to access it.
[debug] [2020-09-09T02:57:49.674Z] ----------------------------------------------------------------------
[debug] [2020-09-09T02:57:49.677Z] Command:       /usr/bin/node /usr/local/bin/firebase deploy
[debug] [2020-09-09T02:57:49.677Z] CLI Version:   8.10.0
[debug] [2020-09-09T02:57:49.677Z] Platform:      linux
[debug] [2020-09-09T02:57:49.677Z] Node Version:  v10.20.1
[debug] [2020-09-09T02:57:49.678Z] Time:          Wed Sep 09 2020 08:27:49 GMT+0530 (India Standard Time)
[debug] [2020-09-09T02:57:49.678Z] ----------------------------------------------------------------------
[debug] [2020-09-09T02:57:49.678Z] 
[debug] [2020-09-09T02:57:49.687Z] > command requires scopes: ["email","openid","https://www.googleapis.com/auth/cloudplatformprojects.readonly","https://www.googleapis.com/auth/firebase","https://www.googleapis.com/auth/cloud-platform"]
[debug] [2020-09-09T02:57:49.687Z] > authorizing via signed-in user
[debug] [2020-09-09T02:57:49.688Z] [iam] checking project instagram-clo-4d50b for permissions ["firebase.projects.get","firebasehosting.sites.update"]
[debug] [2020-09-09T02:57:49.692Z] >>> HTTP REQUEST POST https://cloudresourcemanager.googleapis.com/v1/projects/instagram-clo-4d50b:testIamPermissions  
 {"permissions":["firebase.projects.get","firebasehosting.sites.update"]}
[debug] [2020-09-09T02:57:51.118Z] <<< HTTP RESPONSE 200 {"content-type":"application/json; charset=UTF-8","vary":"X-Origin, Referer, Origin,Accept-Encoding","date":"Wed, 09 Sep 2020 15:27:51 GMT","server":"ESF","cache-control":"private","x-xss-protection":"0","x-frame-options":"SAMEORIGIN","x-content-type-options":"nosniff","server-timing":"gfet4t7; dur=1139","alt-svc":"h3-29=\":443\"; ma=2592000,h3-27=\":443\"; ma=2592000,h3-T051=\":443\"; ma=2592000,h3-T050=\":443\"; ma=2592000,h3-Q050=\":443\"; ma=2592000,h3-Q046=\":443\"; ma=2592000,h3-Q043=\":443\"; ma=2592000,quic=\":443\"; ma=2592000; v=\"46,43\"","accept-ranges":"none","transfer-encoding":"chunked"}
[debug] [2020-09-09T02:57:51.126Z] >>> HTTP REQUEST GET https://firebase.googleapis.com/v1beta1/projects/instagram-clo-4d50b  
 
[debug] [2020-09-09T02:58:21.150Z] Server Error. ETIMEDOUT
[debug] [2020-09-09T02:58:21.155Z] FirebaseError: Server Error. ETIMEDOUT
    at Request._callback (/usr/local/lib/node_modules/firebase-tools/lib/api.js:32:31)
    at self.callback (/usr/local/lib/node_modules/firebase-tools/node_modules/request/request.js:185:22)
    at Request.emit (events.js:198:13)
    at Request.EventEmitter.emit (domain.js:448:20)
    at Timeout.<anonymous> (/usr/local/lib/node_modules/firebase-tools/node_modules/request/request.js:851:16)
    at ontimeout (timers.js:436:11)
    at tryOnTimeout (timers.js:300:5)
    at listOnTimeout (timers.js:263:5)
    at Timer.processTimers (timers.js:223:10)
[error] 
[error] Error: Failed to get Firebase project instagram-clo-4d50b. Please make sure the project exists and your account has permission to access it.
